********************************************************************************
DUPLICATOR-LITE PACKAGE-LOG: 21 April 2020 1:25 am
NOTICE: Do NOT post to public sites or forums 
********************************************************************************
VERSION:	1.3.30
WORDPRESS:	5.4
PHP INFO:	7.2.29 | SAPI: apache2handler
SERVER:		Apache/2.4.41 (Win64) OpenSSL/1.1.1c PHP/7.2.29 
PHP TIME LIMIT: (0) no time limit imposed 
PHP MAX MEMORY: 4294967296 (512M default) 
MEMORY STACK: 20MB

********************************************************************************
DATABASE:
********************************************************************************
BUILD MODE:   MYSQLDUMP
MYSQLTIMEOUT: 5000
MYSQLDUMP:    Is Supported
SQL CREATED: 20200421_enjoyyourlife_be2062d86798d4255213_20200421012525_database.sql
SQL FILE SIZE: 1.07MB (1119300)
SQL FILE TIME: 2020-04-21 01:25:44
SQL RUNTIME: 4.45 sec.

********************************************************************************
ARCHIVE (ZIP):
********************************************************************************
ARCHIVE DIR:  C:/xampp/htdocs/wp_sites/enjoy_your_life
ARCHIVE FILE: 20200421_enjoyyourlife_be2062d86798d4255213_20200421012525_archive.zip
FILTERS: *OFF*
DIRS:
	not set
FILES:
	not set
EXTS:  not set
----------------------------------------
COMPRESSING
SIZE:	96.35MB
STATS:	Dirs 673 | Files 5,087
SQL ADDED: 20200421_enjoyyourlife_be2062d86798d4255213_20200421012525_database.sql
ZipArchive Object
(
    [status] => 0
    [statusSys] => 0
    [numFiles] => 5760
    [filename] => C:\xampp\htdocs\wp_sites\enjoy_your_life\wp-snapshots\tmp\20200421_enjoyyourlife_be2062d86798d4255213_20200421012525_archive.zip
    [comment] => 
)

FILE ADDED TO ZIP: 5759
COMPRESSION RESULT: '1'
COMPRESSED SIZE: 37.29MB
ARCHIVE RUNTIME: 49.05 sec.
MEMORY STACK: 22MB
building installer
add_extra_files1
add_extra_files2
add_extra_files3
add_extra_files4
Doing archive file check
add_extra_files5
add_extra_files6
add_extra_files8
Successfully opened zip C:/xampp/htdocs/wp_sites/enjoy_your_life/wp-snapshots/tmp/20200421_enjoyyourlife_be2062d86798d4255213_20200421012525_archive.zip
Adding enhanced installer files to archive using ZipArchive
Installer files added to archive
Added to archive
After ziparchive close when adding installer

********************************************************************************
INTEGRITY CHECKS:
********************************************************************************
SQL FILE: 1.07MB
INSTALLER FILE: 61.32KB
ARCHIVE FILE: 38.63MB 
EXPECTED FILE/DIRECTORY COUNT: 5,760
ACTUAL FILE/DIRECTORY COUNT: 5,759
ARCHIVE CONSISTENCY TEST: Pass

********************************************************************************
RECORD ID:[1]
TOTAL PROCESS RUNTIME: 54.31 sec.
PEAK PHP MEMORY USED: 22MB
DONE PROCESSING => 20200421_enjoyyourlife 21 April 2020 1:26 am

