********************************************************************************
DUPLICATOR-LITE PACKAGE-LOG: 27 April 2020 12:07 am
NOTICE: Do NOT post to public sites or forums 
********************************************************************************
VERSION:	1.3.30
WORDPRESS:	5.4
PHP INFO:	7.2.29 | SAPI: apache2handler
SERVER:		Apache/2.4.41 (Win64) OpenSSL/1.1.1c PHP/7.2.29 
PHP TIME LIMIT: (0) no time limit imposed 
PHP MAX MEMORY: 4294967296 (512M default) 
MEMORY STACK: 6MB

********************************************************************************
DATABASE:
********************************************************************************
BUILD MODE:   MYSQLDUMP
MYSQLTIMEOUT: 5000
MYSQLDUMP:    Is Supported
SQL CREATED: enjoyyourlife_21_04_2020_4c43c0a6827ef3775012_20200427000655_database.sql
SQL FILE SIZE: 1013.15KB (1037461)
SQL FILE TIME: 2020-04-27 00:07:10
SQL RUNTIME: 4.96 sec.

********************************************************************************
ARCHIVE (ZIP):
********************************************************************************
ARCHIVE DIR:  C:/xampp/htdocs/wp_sites/enjoy_your_life
ARCHIVE FILE: enjoyyourlife_21_04_2020_4c43c0a6827ef3775012_20200427000655_archive.zip
FILTERS: *OFF*
DIRS:
	not set
FILES:
	not set
EXTS:  not set
----------------------------------------
COMPRESSING
SIZE:	112.41MB
STATS:	Dirs 885 | Files 6,233
SQL ADDED: enjoyyourlife_21_04_2020_4c43c0a6827ef3775012_20200427000655_database.sql
ZipArchive Object
(
    [status] => 0
    [statusSys] => 0
    [numFiles] => 7118
    [filename] => C:\xampp\htdocs\wp_sites\enjoy_your_life\wp-snapshots\tmp\enjoyyourlife_21_04_2020_4c43c0a6827ef3775012_20200427000655_archive.zip
    [comment] => 
)

FILE ADDED TO ZIP: 7117
COMPRESSION RESULT: '1'
COMPRESSED SIZE: 47.72MB
ARCHIVE RUNTIME: 58.13 sec.
MEMORY STACK: 8MB
building installer
add_extra_files1
add_extra_files2
add_extra_files3
add_extra_files4
Doing archive file check
add_extra_files5
add_extra_files6
add_extra_files8
Successfully opened zip C:/xampp/htdocs/wp_sites/enjoy_your_life/wp-snapshots/tmp/enjoyyourlife_21_04_2020_4c43c0a6827ef3775012_20200427000655_archive.zip
Adding enhanced installer files to archive using ZipArchive
Installer files added to archive
Added to archive
After ziparchive close when adding installer

********************************************************************************
INTEGRITY CHECKS:
********************************************************************************
SQL FILE: 1013.15KB
INSTALLER FILE: 61.32KB
ARCHIVE FILE: 49.07MB 
EXPECTED FILE/DIRECTORY COUNT: 7,118
ACTUAL FILE/DIRECTORY COUNT: 7,117
ARCHIVE CONSISTENCY TEST: Pass

********************************************************************************
RECORD ID:[2]
TOTAL PROCESS RUNTIME: 63.93 sec.
PEAK PHP MEMORY USED: 10MB
DONE PROCESSING => enjoyyourlife_21_04_2020 27 April 2020 12:08 am

